[2026-07-07 15:47:42] [INFO] [Logging] Nexiora logging initialized.
[2026-07-07 15:47:42] [INFO] [Runtime] Nexiora runtime initialized.
[2026-07-07 15:47:42] [INFO] [Bootstrap] Welcome to Nexiora Genesis.
[2026-07-07 15:47:42] [INFO] [Runtime] Memory current=0 peak=0 allocations=0 frees=0
[2026-07-07 15:47:42] [INFO] [Runtime] Nexiora runtime shutdown.
[2026-07-07 15:47:42] [INFO] [Logging] Nexiora logging shutdown.
[2026-07-07 15:49:09] [INFO] [Logging] Nexiora logging initialized.
[2026-07-07 15:49:09] [INFO] [Runtime] Nexiora runtime initialized.
[2026-07-07 15:49:09] [INFO] [Bootstrap] Welcome to Nexiora Genesis.
[2026-07-07 15:49:09] [INFO] [Runtime] Memory current=0 peak=0 allocations=0 frees=0
[2026-07-07 15:49:09] [INFO] [Runtime] Nexiora runtime shutdown.
[2026-07-07 15:49:09] [INFO] [Logging] Nexiora logging shutdown.
[2026-07-07 16:36:18] [INFO] [Logging] Nexiora logging initialized.
[2026-07-07 16:36:18] [INFO] [Runtime] Nexiora runtime initialized.
[2026-07-07 16:36:18] [INFO] [Bootstrap] Welcome to Nexiora Genesis.
[2026-07-07 16:36:18] [INFO] [Runtime] Memory current=0 peak=0 allocations=0 frees=0
[2026-07-07 16:36:18] [INFO] [Runtime] Nexiora runtime shutdown.
[2026-07-07 16:36:18] [INFO] [Logging] Nexiora logging shutdown.
[2026-07-08 14:44:55] [INFO] [Logging] Nexiora logging initialized.
[2026-07-08 14:44:55] [INFO] [Runtime] Nexiora runtime initialized.
[2026-07-08 14:44:55] [INFO] [Research] Starting first autonomous research execution.
[2026-07-08 14:44:55] [INFO] [Runtime] Memory current=0 peak=0 allocations=0 frees=0
[2026-07-08 14:44:55] [INFO] [Runtime] Nexiora runtime shutdown.
[2026-07-08 14:44:55] [INFO] [Logging] Nexiora logging shutdown.
[2026-07-08 14:48:14] [INFO] [Logging] Nexiora logging initialized.
[2026-07-08 14:48:14] [INFO] [Runtime] Nexiora runtime initialized.
[2026-07-08 14:48:14] [INFO] [Research] Starting first autonomous research execution.
[2026-07-08 14:48:15] [INFO] [Runtime] Memory current=0 peak=0 allocations=0 frees=0
[2026-07-08 14:48:15] [INFO] [Runtime] Nexiora runtime shutdown.
[2026-07-08 14:48:15] [INFO] [Logging] Nexiora logging shutdown.
[2026-07-08 16:31:51] [INFO] [Logging] Nexiora logging initialized.
[2026-07-08 16:31:51] [INFO] [Runtime] Nexiora runtime initialized.
[2026-07-08 16:31:51] [INFO] [Research] Starting first autonomous research execution.
[2026-07-08 16:31:51] [INFO] [Runtime] Memory current=0 peak=0 allocations=0 frees=0
[2026-07-08 16:31:51] [INFO] [Runtime] Nexiora runtime shutdown.
[2026-07-08 16:31:51] [INFO] [Logging] Nexiora logging shutdown.
[2026-07-08 16:31:51] [INFO] [Logging] Nexiora logging initialized.
[2026-07-08 16:31:51] [INFO] [Runtime] Nexiora runtime initialized.
[2026-07-08 16:31:51] [INFO] [Research] Generating autonomous research dashboard.
[2026-07-08 16:31:51] [INFO] [Runtime] Memory current=0 peak=0 allocations=0 frees=0
[2026-07-08 16:31:51] [INFO] [Runtime] Nexiora runtime shutdown.
[2026-07-08 16:31:51] [INFO] [Logging] Nexiora logging shutdown.
[2026-07-08 17:03:05] [INFO] [Logging] Nexiora logging initialized.
[2026-07-08 17:03:05] [INFO] [Runtime] Nexiora runtime initialized.
[2026-07-08 17:03:05] [INFO] [Bootstrap] Welcome to Nexiora Genesis.
[2026-07-08 17:03:05] [INFO] [Runtime] Memory current=0 peak=0 allocations=0 frees=0
[2026-07-08 17:03:05] [INFO] [Runtime] Nexiora runtime shutdown.
[2026-07-08 17:03:05] [INFO] [Logging] Nexiora logging shutdown.
[2026-07-08 17:03:17] [INFO] [Logging] Nexiora logging initialized.
[2026-07-08 17:03:17] [INFO] [Runtime] Nexiora runtime initialized.
[2026-07-08 17:03:17] [INFO] [Research] Starting first autonomous research execution.
[2026-07-08 17:03:17] [INFO] [Runtime] Memory current=0 peak=0 allocations=0 frees=0
[2026-07-08 17:03:17] [INFO] [Runtime] Nexiora runtime shutdown.
[2026-07-08 17:03:17] [INFO] [Logging] Nexiora logging shutdown.
[2026-07-08 17:03:40] [INFO] [Logging] Nexiora logging initialized.
[2026-07-08 17:03:40] [INFO] [Runtime] Nexiora runtime initialized.
[2026-07-08 17:03:40] [INFO] [Bootstrap] Welcome to Nexiora Genesis.
[2026-07-08 17:03:40] [INFO] [Runtime] Memory current=0 peak=0 allocations=0 frees=0
[2026-07-08 17:03:40] [INFO] [Runtime] Nexiora runtime shutdown.
[2026-07-08 17:03:40] [INFO] [Logging] Nexiora logging shutdown.
[2026-07-08 17:10:01] [INFO] [Logging] Nexiora logging initialized.
[2026-07-08 17:10:01] [INFO] [Runtime] Nexiora runtime initialized.
[2026-07-08 17:10:01] [INFO] [Bootstrap] Welcome to Nexiora Genesis.
[2026-07-08 17:10:01] [INFO] [Runtime] Memory current=0 peak=0 allocations=0 frees=0
[2026-07-08 17:10:01] [INFO] [Runtime] Nexiora runtime shutdown.
[2026-07-08 17:10:01] [INFO] [Logging] Nexiora logging shutdown.
[2026-07-08 17:10:01] [INFO] [Logging] Nexiora logging initialized.
[2026-07-08 17:10:01] [INFO] [Runtime] Nexiora runtime initialized.
[2026-07-08 17:10:01] [INFO] [Bootstrap] Welcome to Nexiora Genesis.
[2026-07-08 17:10:01] [INFO] [Runtime] Memory current=0 peak=0 allocations=0 frees=0
[2026-07-08 17:10:01] [INFO] [Runtime] Nexiora runtime shutdown.
[2026-07-08 17:10:01] [INFO] [Logging] Nexiora logging shutdown.
[2026-07-08 17:14:37] [INFO] [Logging] Nexiora logging initialized.
[2026-07-08 17:14:37] [INFO] [Runtime] Nexiora runtime initialized.
[2026-07-08 17:14:37] [INFO] [Runtime] Memory current=0 peak=0 allocations=0 frees=0
[2026-07-08 17:14:37] [INFO] [Runtime] Nexiora runtime shutdown.
[2026-07-08 17:14:37] [INFO] [Logging] Nexiora logging shutdown.
[2026-07-08 17:14:37] [INFO] [Logging] Nexiora logging initialized.
[2026-07-08 17:14:37] [INFO] [Runtime] Nexiora runtime initialized.
[2026-07-08 17:14:37] [INFO] [Runtime] Memory current=0 peak=0 allocations=0 frees=0
[2026-07-08 17:14:37] [INFO] [Runtime] Nexiora runtime shutdown.
[2026-07-08 17:14:37] [INFO] [Logging] Nexiora logging shutdown.
[2026-07-08 17:15:29] [INFO] [Logging] Nexiora logging initialized.
[2026-07-08 17:15:29] [INFO] [Runtime] Nexiora runtime initialized.
[2026-07-08 17:15:29] [INFO] [Runtime] Memory current=0 peak=0 allocations=0 frees=0
[2026-07-08 17:15:29] [INFO] [Runtime] Nexiora runtime shutdown.
[2026-07-08 17:15:29] [INFO] [Logging] Nexiora logging shutdown.
[2026-07-08 17:15:36] [INFO] [Logging] Nexiora logging initialized.
[2026-07-08 17:15:36] [INFO] [Runtime] Nexiora runtime initialized.
[2026-07-08 17:15:36] [INFO] [Runtime] Memory current=0 peak=0 allocations=0 frees=0
[2026-07-08 17:15:36] [INFO] [Runtime] Nexiora runtime shutdown.
[2026-07-08 17:15:36] [INFO] [Logging] Nexiora logging shutdown.
